c:\users\-\documents\2015 sem 2\comg\assignment3\lizhaoyuan1\debug\vc120.pdb
c:\users\-\documents\2015 sem 2\comg\assignment3\lizhaoyuan1\debug\vc120.idb
c:\users\-\documents\2015 sem 2\comg\assignment3\lizhaoyuan1\debug\camera.obj
c:\users\-\documents\2015 sem 2\comg\assignment3\lizhaoyuan1\debug\camera2.obj
c:\users\-\documents\2015 sem 2\comg\assignment3\lizhaoyuan1\debug\camera3.obj
c:\users\-\documents\2015 sem 2\comg\assignment3\lizhaoyuan1\debug\loadobj.obj
c:\users\-\documents\2015 sem 2\comg\assignment3\lizhaoyuan1\debug\loadtga.obj
c:\users\-\documents\2015 sem 2\comg\assignment3\lizhaoyuan1\debug\main.obj
c:\users\-\documents\2015 sem 2\comg\assignment3\lizhaoyuan1\debug\mesh.obj
c:\users\-\documents\2015 sem 2\comg\assignment3\lizhaoyuan1\debug\scene1.obj
c:\users\-\documents\2015 sem 2\comg\assignment3\lizhaoyuan1\debug\scene2.obj
c:\users\-\documents\2015 sem 2\comg\assignment3\lizhaoyuan1\debug\scene3.obj
c:\users\-\documents\2015 sem 2\comg\assignment3\lizhaoyuan1\debug\scene4.obj
c:\users\-\documents\2015 sem 2\comg\assignment3\lizhaoyuan1\debug\scenelight.obj
c:\users\-\documents\2015 sem 2\comg\assignment3\lizhaoyuan1\debug\scenelight2.obj
c:\users\-\documents\2015 sem 2\comg\assignment3\lizhaoyuan1\debug\scenemodel.obj
c:\users\-\documents\2015 sem 2\comg\assignment3\lizhaoyuan1\debug\sceneskybox.obj
c:\users\-\documents\2015 sem 2\comg\assignment3\lizhaoyuan1\debug\scenetext.obj
c:\users\-\documents\2015 sem 2\comg\assignment3\lizhaoyuan1\debug\scenetexture.obj
c:\users\-\documents\2015 sem 2\comg\assignment3\lizhaoyuan1\debug\shader.obj
c:\users\-\documents\2015 sem 2\comg\assignment3\lizhaoyuan1\debug\utility.obj
c:\users\-\documents\2015 sem 2\comg\assignment3\lizhaoyuan1\debug\application.obj
c:\users\-\documents\2015 sem 2\comg\assignment3\lizhaoyuan1\debug\assignment1.obj
c:\users\-\documents\2015 sem 2\comg\assignment3\lizhaoyuan1\debug\assignment2.obj
c:\users\-\documents\2015 sem 2\comg\assignment3\lizhaoyuan1\debug\assignment3.obj
c:\users\-\documents\2015 sem 2\comg\assignment3\lizhaoyuan1\debug\meshbuilder.obj
c:\users\-\documents\2015 sem 2\comg\assignment3\debug\lizhaoyuan1.pdb
c:\users\-\documents\2015 sem 2\comg\assignment3\debug\lizhaoyuan1.exe
c:\users\-\documents\2015 sem 2\comg\assignment3\debug\lizhaoyuan1.ilk
c:\users\-\documents\2015 sem 2\comg\assignment3\lizhaoyuan1\debug\lizhaoyuan1.tlog\cl.command.1.tlog
c:\users\-\documents\2015 sem 2\comg\assignment3\lizhaoyuan1\debug\lizhaoyuan1.tlog\cl.read.1.tlog
c:\users\-\documents\2015 sem 2\comg\assignment3\lizhaoyuan1\debug\lizhaoyuan1.tlog\cl.write.1.tlog
c:\users\-\documents\2015 sem 2\comg\assignment3\lizhaoyuan1\debug\lizhaoyuan1.tlog\link.command.1.tlog
c:\users\-\documents\2015 sem 2\comg\assignment3\lizhaoyuan1\debug\lizhaoyuan1.tlog\link.read.1.tlog
c:\users\-\documents\2015 sem 2\comg\assignment3\lizhaoyuan1\debug\lizhaoyuan1.tlog\link.write.1.tlog
