<<<<<<< HEAD
﻿Build started 18/2/2016 13:13:05.
     1>Project "C:\Users\User\Desktop\Studio Project\SP2\SP2Confirmed\SP2\Common\Common.vcxproj" on node 2 (Build target(s)).
     1>Lib:
         Common.vcxproj -> C:\Users\User\Desktop\Studio Project\SP2\SP2Confirmed\SP2\Debug\Common.lib
     1>Done Building Project "C:\Users\User\Desktop\Studio Project\SP2\SP2Confirmed\SP2\Common\Common.vcxproj" (Build target(s)).

Build succeeded.

Time Elapsed 00:00:00.15
=======
<<<<<<< HEAD
﻿Build started 2/18/2016 1:40:04 PM.
     1>Project "C:\Users\n1507\Desktop\SP2_1\SP2\Common\Common.vcxproj" on node 2 (Build target(s)).
     1>Lib:
         Common.vcxproj -> C:\Users\n1507\Desktop\SP2_1\SP2\Debug\Common.lib
     1>Done Building Project "C:\Users\n1507\Desktop\SP2_1\SP2\Common\Common.vcxproj" (Build target(s)).
=======
﻿Build started 2/18/2016 2:04:25 PM.
     1>Project "C:\Users\n1507\Desktop\CompG Project\SP2\Common\Common.vcxproj" on node 2 (Build target(s)).
     1>Lib:
         Common.vcxproj -> C:\Users\n1507\Desktop\CompG Project\SP2\Debug\Common.lib
     1>Done Building Project "C:\Users\n1507\Desktop\CompG Project\SP2\Common\Common.vcxproj" (Build target(s)).
>>>>>>> 9f79d018274827d5a8615e8d37738d49be9e7dcc

Build succeeded.

Time Elapsed 00:00:00.02
>>>>>>> 53191886340100ce950c6306ba073ab85bf2ff7e
